2025-05-06 15:26:40,439 INFO: 开始处理数据...
2025-05-06 15:26:40,440 INFO: 文件初始化完成
2025-05-06 15:26:40,440 INFO: 开始读取数据表...
2025-05-06 15:27:33,208 INFO: 数据表读取完成
2025-05-06 15:27:33,227 INFO: 筛选后的数据条数: 30182
2025-05-06 15:27:33,227 INFO: 开始降档判断处理...
2025-05-06 15:27:33,227 INFO: 降档判断处理 - 输入数据量: 30182
2025-05-06 15:27:33,259 INFO: 降档列初始化完成 - 非降档记录数: 30182
2025-05-06 15:27:33,261 INFO: 无需降档判断的记录数: 0
2025-05-06 15:27:33,413 INFO: 降档报表筛选后记录数: 560784
2025-05-06 15:27:33,870 INFO: 降档记录数: 463
2025-05-06 15:27:33,875 INFO: 非降档记录数: 29719
2025-05-06 15:27:33,926 INFO: 降档判断处理完成 - 输出数据量: 30182
2025-05-06 15:27:33,959 INFO: 降档判断处理完成
2025-05-06 15:27:33,959 INFO: 开始渠道档案判断处理...
2025-05-06 15:27:33,959 INFO: 渠道档案判断处理 - 输入数据量: 30182
2025-05-06 15:27:34,092 INFO: 渠道档案判断处理完成 - 输出数据量: 30182
2025-05-06 15:27:34,097 INFO: 渠道档案判断处理完成
2025-05-06 15:27:34,097 INFO: 开始结算状态...
2025-05-06 15:27:34,162 INFO: 结算状态完成
2025-05-06 15:27:34,162 INFO: 开始判重处理...
2025-05-06 15:27:34,236 INFO: 开始处理判重指令: 用户号码, 记录数: 29262
2025-05-06 15:27:42,286 INFO: 开始处理判重指令: 订购流水, 记录数: 0
2025-05-06 15:27:42,287 INFO: 开始处理判重指令: 账号ID, 记录数: 0
2025-05-06 15:27:42,289 INFO: 开始处理判重指令: 营销案, 记录数: 920
2025-05-06 15:27:42,618 INFO: 判重处理完成
2025-05-06 15:27:42,618 INFO: 开始金额处理...
2025-05-06 15:27:42,980 INFO: 金额处理完成
2025-05-06 15:27:42,980 INFO: 开始保存处理结果...
2025-05-06 15:29:23,452 INFO: 处理结果保存完成
2025-05-06 15:29:23,452 INFO: 所有处理完成
2025-05-06 15:36:08,633 INFO: 开始处理数据...
2025-05-06 15:36:08,633 INFO: 文件初始化完成
2025-05-06 15:36:08,633 INFO: 开始读取数据表...
2025-05-06 15:36:59,115 INFO: 数据表读取完成
2025-05-06 15:36:59,142 INFO: 筛选后的数据条数: 30182
2025-05-06 15:36:59,142 INFO: 开始降档判断处理...
2025-05-06 15:36:59,143 INFO: 降档判断处理 - 输入数据量: 30182
2025-05-06 15:36:59,190 INFO: 降档列初始化完成 - 非降档记录数: 30182
2025-05-06 15:36:59,194 INFO: 无需降档判断的记录数: 0
2025-05-06 15:36:59,343 INFO: 降档报表筛选后记录数: 560784
2025-05-06 15:36:59,682 INFO: 降档记录数: 463
2025-05-06 15:36:59,685 INFO: 非降档记录数: 29719
2025-05-06 15:36:59,727 INFO: 降档判断处理完成 - 输出数据量: 30182
2025-05-06 15:36:59,755 INFO: 降档判断处理完成
2025-05-06 15:36:59,755 INFO: 开始渠道档案判断处理...
2025-05-06 15:36:59,755 INFO: 渠道档案判断处理 - 输入数据量: 30182
2025-05-06 15:36:59,861 INFO: 渠道档案判断处理完成 - 输出数据量: 30182
2025-05-06 15:36:59,867 INFO: 渠道档案判断处理完成
2025-05-06 15:36:59,867 INFO: 开始结算状态...
2025-05-06 15:36:59,922 INFO: 结算状态完成
2025-05-06 15:36:59,922 INFO: 开始判重处理...
2025-05-06 15:36:59,995 INFO: 开始处理判重指令: 用户号码, 记录数: 29262
2025-05-06 15:37:07,991 INFO: 开始处理判重指令: 订购流水, 记录数: 0
2025-05-06 15:37:07,992 INFO: 开始处理判重指令: 账号ID, 记录数: 0
2025-05-06 15:37:07,993 INFO: 开始处理判重指令: 营销案, 记录数: 920
2025-05-06 15:37:08,327 INFO: 判重处理完成
2025-05-06 15:37:08,328 INFO: 开始金额处理...
2025-05-06 15:37:08,711 INFO: 金额处理完成
2025-05-06 15:37:08,711 INFO: 开始保存处理结果...
2025-05-06 15:38:46,478 INFO: 处理结果保存完成
2025-05-06 15:38:46,479 INFO: 所有处理完成
